Determining if the Q_WS_WIN exist failed with the following output:
Change Dir: /home/joana/Downloads/exaro_2.0.0/build/CMakeFiles/CMakeTmp

Run Build Command:/usr/bin/make "cmTryCompileExec2350698780/fast"
/usr/bin/make -f CMakeFiles/cmTryCompileExec2350698780.dir/build.make CMakeFiles/cmTryCompileExec2350698780.dir/build
make[1]: Entering directory `/home/joana/Downloads/exaro_2.0.0/build/CMakeFiles/CMakeTmp'
/usr/bin/cmake -E cmake_progress_report /home/joana/Downloads/exaro_2.0.0/build/CMakeFiles/CMakeTmp/CMakeFiles 1
Building CXX object CMakeFiles/cmTryCompileExec2350698780.dir/CheckSymbolExists.cxx.o
/usr/bin/c++    -Wall -fexceptions -fnon-call-exceptions   -I/usr/local/Trolltech/Qt-4.8.6/include    -o CMakeFiles/cmTryCompileExec2350698780.dir/CheckSymbolExists.cxx.o -c /home/joana/Downloads/exaro_2.0.0/build/CMakeFiles/CMakeTmp/CheckSymbolExists.cxx
/home/joana/Downloads/exaro_2.0.0/build/CMakeFiles/CMakeTmp/CheckSymbolExists.cxx: In function ‘int main(int, char**)’:
/home/joana/Downloads/exaro_2.0.0/build/CMakeFiles/CMakeTmp/CheckSymbolExists.cxx:8:19: error: ‘Q_WS_WIN’ was not declared in this scope
make[1]: Leaving directory `/home/joana/Downloads/exaro_2.0.0/build/CMakeFiles/CMakeTmp'
make[1]: *** [CMakeFiles/cmTryCompileExec2350698780.dir/CheckSymbolExists.cxx.o] Error 1
make: *** [cmTryCompileExec2350698780/fast] Error 2

File /home/joana/Downloads/exaro_2.0.0/build/CMakeFiles/CMakeTmp/CheckSymbolExists.cxx:
/* */
#include <QtCore/qglobal.h>

int main(int argc, char** argv)
{
  (void)argv;
#ifndef Q_WS_WIN
  return ((int*)(&Q_WS_WIN))[argc];
#else
  (void)argc;
  return 0;
#endif
}

Determining if the Q_WS_QWS exist failed with the following output:
Change Dir: /home/joana/Downloads/exaro_2.0.0/build/CMakeFiles/CMakeTmp

Run Build Command:/usr/bin/make "cmTryCompileExec2414182871/fast"
/usr/bin/make -f CMakeFiles/cmTryCompileExec2414182871.dir/build.make CMakeFiles/cmTryCompileExec2414182871.dir/build
make[1]: Entering directory `/home/joana/Downloads/exaro_2.0.0/build/CMakeFiles/CMakeTmp'
/usr/bin/cmake -E cmake_progress_report /home/joana/Downloads/exaro_2.0.0/build/CMakeFiles/CMakeTmp/CMakeFiles 1
Building CXX object CMakeFiles/cmTryCompileExec2414182871.dir/CheckSymbolExists.cxx.o
/usr/bin/c++    -Wall -fexceptions -fnon-call-exceptions   -I/usr/local/Trolltech/Qt-4.8.6/include    -o CMakeFiles/cmTryCompileExec2414182871.dir/CheckSymbolExists.cxx.o -c /home/joana/Downloads/exaro_2.0.0/build/CMakeFiles/CMakeTmp/CheckSymbolExists.cxx
/home/joana/Downloads/exaro_2.0.0/build/CMakeFiles/CMakeTmp/CheckSymbolExists.cxx: In function ‘int main(int, char**)’:
/home/joana/Downloads/exaro_2.0.0/build/CMakeFiles/CMakeTmp/CheckSymbolExists.cxx:8:19: error: ‘Q_WS_QWS’ was not declared in this scope
make[1]: *** [CMakeFiles/cmTryCompileExec2414182871.dir/CheckSymbolExists.cxx.o] Error 1
make[1]: Leaving directory `/home/joana/Downloads/exaro_2.0.0/build/CMakeFiles/CMakeTmp'
make: *** [cmTryCompileExec2414182871/fast] Error 2

File /home/joana/Downloads/exaro_2.0.0/build/CMakeFiles/CMakeTmp/CheckSymbolExists.cxx:
/* */
#include <QtCore/qglobal.h>

int main(int argc, char** argv)
{
  (void)argv;
#ifndef Q_WS_QWS
  return ((int*)(&Q_WS_QWS))[argc];
#else
  (void)argc;
  return 0;
#endif
}

Determining if the Q_WS_MAC exist failed with the following output:
Change Dir: /home/joana/Downloads/exaro_2.0.0/build/CMakeFiles/CMakeTmp

Run Build Command:/usr/bin/make "cmTryCompileExec2571557154/fast"
/usr/bin/make -f CMakeFiles/cmTryCompileExec2571557154.dir/build.make CMakeFiles/cmTryCompileExec2571557154.dir/build
make[1]: Entering directory `/home/joana/Downloads/exaro_2.0.0/build/CMakeFiles/CMakeTmp'
/usr/bin/cmake -E cmake_progress_report /home/joana/Downloads/exaro_2.0.0/build/CMakeFiles/CMakeTmp/CMakeFiles 1
Building CXX object CMakeFiles/cmTryCompileExec2571557154.dir/CheckSymbolExists.cxx.o
/usr/bin/c++    -Wall -fexceptions -fnon-call-exceptions   -I/usr/local/Trolltech/Qt-4.8.6/include    -o CMakeFiles/cmTryCompileExec2571557154.dir/CheckSymbolExists.cxx.o -c /home/joana/Downloads/exaro_2.0.0/build/CMakeFiles/CMakeTmp/CheckSymbolExists.cxx
/home/joana/Downloads/exaro_2.0.0/build/CMakeFiles/CMakeTmp/CheckSymbolExists.cxx: In function ‘int main(int, char**)’:
/home/joana/Downloads/exaro_2.0.0/build/CMakeFiles/CMakeTmp/CheckSymbolExists.cxx:8:19: error: ‘Q_WS_MAC’ was not declared in this scope
make[1]: *** [CMakeFiles/cmTryCompileExec2571557154.dir/CheckSymbolExists.cxx.o] Error 1
make[1]: Leaving directory `/home/joana/Downloads/exaro_2.0.0/build/CMakeFiles/CMakeTmp'
make: *** [cmTryCompileExec2571557154/fast] Error 2

File /home/joana/Downloads/exaro_2.0.0/build/CMakeFiles/CMakeTmp/CheckSymbolExists.cxx:
/* */
#include <QtCore/qglobal.h>

int main(int argc, char** argv)
{
  (void)argv;
#ifndef Q_WS_MAC
  return ((int*)(&Q_WS_MAC))[argc];
#else
  (void)argc;
  return 0;
#endif
}

Determining if the Q_WS_WIN exist failed with the following output:
Change Dir: /home/joana/git/VS/exaro_2.0.0/build/CMakeFiles/CMakeTmp

Run Build Command:/usr/bin/make "cmTryCompileExec3472979992/fast"
/usr/bin/make -f CMakeFiles/cmTryCompileExec3472979992.dir/build.make CMakeFiles/cmTryCompileExec3472979992.dir/build
make[1]: Entering directory `/home/joana/git/VS/exaro_2.0.0/build/CMakeFiles/CMakeTmp'
/usr/bin/cmake -E cmake_progress_report /home/joana/git/VS/exaro_2.0.0/build/CMakeFiles/CMakeTmp/CMakeFiles 1
Building CXX object CMakeFiles/cmTryCompileExec3472979992.dir/CheckSymbolExists.cxx.o
/usr/bin/c++    -Wall -fexceptions -fnon-call-exceptions   -I/usr/local/Trolltech/Qt-4.8.6/include    -o CMakeFiles/cmTryCompileExec3472979992.dir/CheckSymbolExists.cxx.o -c /home/joana/git/VS/exaro_2.0.0/build/CMakeFiles/CMakeTmp/CheckSymbolExists.cxx
/home/joana/git/VS/exaro_2.0.0/build/CMakeFiles/CMakeTmp/CheckSymbolExists.cxx: In function ‘int main(int, char**)’:
/home/joana/git/VS/exaro_2.0.0/build/CMakeFiles/CMakeTmp/CheckSymbolExists.cxx:8:19: error: ‘Q_WS_WIN’ was not declared in this scope
make[1]: Leaving directory `/home/joana/git/VS/exaro_2.0.0/build/CMakeFiles/CMakeTmp'
make[1]: *** [CMakeFiles/cmTryCompileExec3472979992.dir/CheckSymbolExists.cxx.o] Error 1
make: *** [cmTryCompileExec3472979992/fast] Error 2

File /home/joana/git/VS/exaro_2.0.0/build/CMakeFiles/CMakeTmp/CheckSymbolExists.cxx:
/* */
#include <QtCore/qglobal.h>

int main(int argc, char** argv)
{
  (void)argv;
#ifndef Q_WS_WIN
  return ((int*)(&Q_WS_WIN))[argc];
#else
  (void)argc;
  return 0;
#endif
}

Determining if the Q_WS_QWS exist failed with the following output:
Change Dir: /home/joana/git/VS/exaro_2.0.0/build/CMakeFiles/CMakeTmp

Run Build Command:/usr/bin/make "cmTryCompileExec1562285081/fast"
/usr/bin/make -f CMakeFiles/cmTryCompileExec1562285081.dir/build.make CMakeFiles/cmTryCompileExec1562285081.dir/build
make[1]: Entering directory `/home/joana/git/VS/exaro_2.0.0/build/CMakeFiles/CMakeTmp'
/usr/bin/cmake -E cmake_progress_report /home/joana/git/VS/exaro_2.0.0/build/CMakeFiles/CMakeTmp/CMakeFiles 1
Building CXX object CMakeFiles/cmTryCompileExec1562285081.dir/CheckSymbolExists.cxx.o
/usr/bin/c++    -Wall -fexceptions -fnon-call-exceptions   -I/usr/local/Trolltech/Qt-4.8.6/include    -o CMakeFiles/cmTryCompileExec1562285081.dir/CheckSymbolExists.cxx.o -c /home/joana/git/VS/exaro_2.0.0/build/CMakeFiles/CMakeTmp/CheckSymbolExists.cxx
/home/joana/git/VS/exaro_2.0.0/build/CMakeFiles/CMakeTmp/CheckSymbolExists.cxx: In function ‘int main(int, char**)’:
/home/joana/git/VS/exaro_2.0.0/build/CMakeFiles/CMakeTmp/CheckSymbolExists.cxx:8:19: error: ‘Q_WS_QWS’ was not declared in this scope
make[1]: *** [CMakeFiles/cmTryCompileExec1562285081.dir/CheckSymbolExists.cxx.o] Error 1
make[1]: Leaving directory `/home/joana/git/VS/exaro_2.0.0/build/CMakeFiles/CMakeTmp'
make: *** [cmTryCompileExec1562285081/fast] Error 2

File /home/joana/git/VS/exaro_2.0.0/build/CMakeFiles/CMakeTmp/CheckSymbolExists.cxx:
/* */
#include <QtCore/qglobal.h>

int main(int argc, char** argv)
{
  (void)argv;
#ifndef Q_WS_QWS
  return ((int*)(&Q_WS_QWS))[argc];
#else
  (void)argc;
  return 0;
#endif
}

Determining if the Q_WS_MAC exist failed with the following output:
Change Dir: /home/joana/git/VS/exaro_2.0.0/build/CMakeFiles/CMakeTmp

Run Build Command:/usr/bin/make "cmTryCompileExec2012524508/fast"
/usr/bin/make -f CMakeFiles/cmTryCompileExec2012524508.dir/build.make CMakeFiles/cmTryCompileExec2012524508.dir/build
make[1]: Entering directory `/home/joana/git/VS/exaro_2.0.0/build/CMakeFiles/CMakeTmp'
/usr/bin/cmake -E cmake_progress_report /home/joana/git/VS/exaro_2.0.0/build/CMakeFiles/CMakeTmp/CMakeFiles 1
Building CXX object CMakeFiles/cmTryCompileExec2012524508.dir/CheckSymbolExists.cxx.o
/usr/bin/c++    -Wall -fexceptions -fnon-call-exceptions   -I/usr/local/Trolltech/Qt-4.8.6/include    -o CMakeFiles/cmTryCompileExec2012524508.dir/CheckSymbolExists.cxx.o -c /home/joana/git/VS/exaro_2.0.0/build/CMakeFiles/CMakeTmp/CheckSymbolExists.cxx
/home/joana/git/VS/exaro_2.0.0/build/CMakeFiles/CMakeTmp/CheckSymbolExists.cxx: In function ‘int main(int, char**)’:
/home/joana/git/VS/exaro_2.0.0/build/CMakeFiles/CMakeTmp/CheckSymbolExists.cxx:8:19: error: ‘Q_WS_MAC’ was not declared in this scope
make[1]: Leaving directory `/home/joana/git/VS/exaro_2.0.0/build/CMakeFiles/CMakeTmp'
make[1]: *** [CMakeFiles/cmTryCompileExec2012524508.dir/CheckSymbolExists.cxx.o] Error 1
make: *** [cmTryCompileExec2012524508/fast] Error 2

File /home/joana/git/VS/exaro_2.0.0/build/CMakeFiles/CMakeTmp/CheckSymbolExists.cxx:
/* */
#include <QtCore/qglobal.h>

int main(int argc, char** argv)
{
  (void)argv;
#ifndef Q_WS_MAC
  return ((int*)(&Q_WS_MAC))[argc];
#else
  (void)argc;
  return 0;
#endif
}

Determining if the Q_WS_WIN exist failed with the following output:
Change Dir: /home/joana/git/faocas_qc/exaro_2.0.0/build/CMakeFiles/CMakeTmp

Run Build Command:/usr/bin/make "cmTryCompileExec1769290473/fast"
/usr/bin/make -f CMakeFiles/cmTryCompileExec1769290473.dir/build.make CMakeFiles/cmTryCompileExec1769290473.dir/build
make[1]: Entering directory `/home/joana/git/faocas_qc/exaro_2.0.0/build/CMakeFiles/CMakeTmp'
/usr/bin/cmake -E cmake_progress_report /home/joana/git/faocas_qc/exaro_2.0.0/build/CMakeFiles/CMakeTmp/CMakeFiles 1
Building CXX object CMakeFiles/cmTryCompileExec1769290473.dir/CheckSymbolExists.cxx.o
/usr/bin/c++    -Wall -fexceptions -fnon-call-exceptions   -I/usr/local/Trolltech/Qt-4.8.6/include    -o CMakeFiles/cmTryCompileExec1769290473.dir/CheckSymbolExists.cxx.o -c /home/joana/git/faocas_qc/exaro_2.0.0/build/CMakeFiles/CMakeTmp/CheckSymbolExists.cxx
/home/joana/git/faocas_qc/exaro_2.0.0/build/CMakeFiles/CMakeTmp/CheckSymbolExists.cxx: In function ‘int main(int, char**)’:
/home/joana/git/faocas_qc/exaro_2.0.0/build/CMakeFiles/CMakeTmp/CheckSymbolExists.cxx:8:19: error: ‘Q_WS_WIN’ was not declared in this scope
make[1]: *** [CMakeFiles/cmTryCompileExec1769290473.dir/CheckSymbolExists.cxx.o] Error 1
make[1]: Leaving directory `/home/joana/git/faocas_qc/exaro_2.0.0/build/CMakeFiles/CMakeTmp'
make: *** [cmTryCompileExec1769290473/fast] Error 2

File /home/joana/git/faocas_qc/exaro_2.0.0/build/CMakeFiles/CMakeTmp/CheckSymbolExists.cxx:
/* */
#include <QtCore/qglobal.h>

int main(int argc, char** argv)
{
  (void)argv;
#ifndef Q_WS_WIN
  return ((int*)(&Q_WS_WIN))[argc];
#else
  (void)argc;
  return 0;
#endif
}

Determining if the Q_WS_QWS exist failed with the following output:
Change Dir: /home/joana/git/faocas_qc/exaro_2.0.0/build/CMakeFiles/CMakeTmp

Run Build Command:/usr/bin/make "cmTryCompileExec4074817042/fast"
/usr/bin/make -f CMakeFiles/cmTryCompileExec4074817042.dir/build.make CMakeFiles/cmTryCompileExec4074817042.dir/build
make[1]: Entering directory `/home/joana/git/faocas_qc/exaro_2.0.0/build/CMakeFiles/CMakeTmp'
/usr/bin/cmake -E cmake_progress_report /home/joana/git/faocas_qc/exaro_2.0.0/build/CMakeFiles/CMakeTmp/CMakeFiles 1
Building CXX object CMakeFiles/cmTryCompileExec4074817042.dir/CheckSymbolExists.cxx.o
/usr/bin/c++    -Wall -fexceptions -fnon-call-exceptions   -I/usr/local/Trolltech/Qt-4.8.6/include    -o CMakeFiles/cmTryCompileExec4074817042.dir/CheckSymbolExists.cxx.o -c /home/joana/git/faocas_qc/exaro_2.0.0/build/CMakeFiles/CMakeTmp/CheckSymbolExists.cxx
/home/joana/git/faocas_qc/exaro_2.0.0/build/CMakeFiles/CMakeTmp/CheckSymbolExists.cxx: In function ‘int main(int, char**)’:
/home/joana/git/faocas_qc/exaro_2.0.0/build/CMakeFiles/CMakeTmp/CheckSymbolExists.cxx:8:19: error: ‘Q_WS_QWS’ was not declared in this scope
make[1]: Leaving directory `/home/joana/git/faocas_qc/exaro_2.0.0/build/CMakeFiles/CMakeTmp'
make[1]: *** [CMakeFiles/cmTryCompileExec4074817042.dir/CheckSymbolExists.cxx.o] Error 1
make: *** [cmTryCompileExec4074817042/fast] Error 2

File /home/joana/git/faocas_qc/exaro_2.0.0/build/CMakeFiles/CMakeTmp/CheckSymbolExists.cxx:
/* */
#include <QtCore/qglobal.h>

int main(int argc, char** argv)
{
  (void)argv;
#ifndef Q_WS_QWS
  return ((int*)(&Q_WS_QWS))[argc];
#else
  (void)argc;
  return 0;
#endif
}

Determining if the Q_WS_MAC exist failed with the following output:
Change Dir: /home/joana/git/faocas_qc/exaro_2.0.0/build/CMakeFiles/CMakeTmp

Run Build Command:/usr/bin/make "cmTryCompileExec1039119164/fast"
/usr/bin/make -f CMakeFiles/cmTryCompileExec1039119164.dir/build.make CMakeFiles/cmTryCompileExec1039119164.dir/build
make[1]: Entering directory `/home/joana/git/faocas_qc/exaro_2.0.0/build/CMakeFiles/CMakeTmp'
/usr/bin/cmake -E cmake_progress_report /home/joana/git/faocas_qc/exaro_2.0.0/build/CMakeFiles/CMakeTmp/CMakeFiles 1
Building CXX object CMakeFiles/cmTryCompileExec1039119164.dir/CheckSymbolExists.cxx.o
/usr/bin/c++    -Wall -fexceptions -fnon-call-exceptions   -I/usr/local/Trolltech/Qt-4.8.6/include    -o CMakeFiles/cmTryCompileExec1039119164.dir/CheckSymbolExists.cxx.o -c /home/joana/git/faocas_qc/exaro_2.0.0/build/CMakeFiles/CMakeTmp/CheckSymbolExists.cxx
/home/joana/git/faocas_qc/exaro_2.0.0/build/CMakeFiles/CMakeTmp/CheckSymbolExists.cxx: In function ‘int main(int, char**)’:
/home/joana/git/faocas_qc/exaro_2.0.0/build/CMakeFiles/CMakeTmp/CheckSymbolExists.cxx:8:19: error: ‘Q_WS_MAC’ was not declared in this scope
make[1]: Leaving directory `/home/joana/git/faocas_qc/exaro_2.0.0/build/CMakeFiles/CMakeTmp'
make[1]: *** [CMakeFiles/cmTryCompileExec1039119164.dir/CheckSymbolExists.cxx.o] Error 1
make: *** [cmTryCompileExec1039119164/fast] Error 2

File /home/joana/git/faocas_qc/exaro_2.0.0/build/CMakeFiles/CMakeTmp/CheckSymbolExists.cxx:
/* */
#include <QtCore/qglobal.h>

int main(int argc, char** argv)
{
  (void)argv;
#ifndef Q_WS_MAC
  return ((int*)(&Q_WS_MAC))[argc];
#else
  (void)argc;
  return 0;
#endif
}

