Determining if the Q_WS_WIN exist failed with the following output:
Change Dir: /home/joana/git/faocas_qc/propertyeditor-2.1.3/build_debug/CMakeFiles/CMakeTmp

Run Build Command:/usr/bin/make "cmTryCompileExec2114353860/fast"
/usr/bin/make -f CMakeFiles/cmTryCompileExec2114353860.dir/build.make CMakeFiles/cmTryCompileExec2114353860.dir/build
make[1]: Entering directory `/home/joana/git/faocas_qc/propertyeditor-2.1.3/build_debug/CMakeFiles/CMakeTmp'
/usr/bin/cmake -E cmake_progress_report /home/joana/git/faocas_qc/propertyeditor-2.1.3/build_debug/CMakeFiles/CMakeTmp/CMakeFiles 1
Building CXX object CMakeFiles/cmTryCompileExec2114353860.dir/CheckSymbolExists.cxx.o
/usr/bin/c++    -I/usr/local/Trolltech/Qt-4.8.6/include    -o CMakeFiles/cmTryCompileExec2114353860.dir/CheckSymbolExists.cxx.o -c /home/joana/git/faocas_qc/propertyeditor-2.1.3/build_debug/CMakeFiles/CMakeTmp/CheckSymbolExists.cxx
/home/joana/git/faocas_qc/propertyeditor-2.1.3/build_debug/CMakeFiles/CMakeTmp/CheckSymbolExists.cxx: In function ‘int main(int, char**)’:
/home/joana/git/faocas_qc/propertyeditor-2.1.3/build_debug/CMakeFiles/CMakeTmp/CheckSymbolExists.cxx:8:19: error: ‘Q_WS_WIN’ was not declared in this scope
make[1]: *** [CMakeFiles/cmTryCompileExec2114353860.dir/CheckSymbolExists.cxx.o] Error 1
make[1]: Leaving directory `/home/joana/git/faocas_qc/propertyeditor-2.1.3/build_debug/CMakeFiles/CMakeTmp'
make: *** [cmTryCompileExec2114353860/fast] Error 2

File /home/joana/git/faocas_qc/propertyeditor-2.1.3/build_debug/CMakeFiles/CMakeTmp/CheckSymbolExists.cxx:
/* */
#include <QtCore/qglobal.h>

int main(int argc, char** argv)
{
  (void)argv;
#ifndef Q_WS_WIN
  return ((int*)(&Q_WS_WIN))[argc];
#else
  (void)argc;
  return 0;
#endif
}

Determining if the Q_WS_QWS exist failed with the following output:
Change Dir: /home/joana/git/faocas_qc/propertyeditor-2.1.3/build_debug/CMakeFiles/CMakeTmp

Run Build Command:/usr/bin/make "cmTryCompileExec2948670947/fast"
/usr/bin/make -f CMakeFiles/cmTryCompileExec2948670947.dir/build.make CMakeFiles/cmTryCompileExec2948670947.dir/build
make[1]: Entering directory `/home/joana/git/faocas_qc/propertyeditor-2.1.3/build_debug/CMakeFiles/CMakeTmp'
/usr/bin/cmake -E cmake_progress_report /home/joana/git/faocas_qc/propertyeditor-2.1.3/build_debug/CMakeFiles/CMakeTmp/CMakeFiles 1
Building CXX object CMakeFiles/cmTryCompileExec2948670947.dir/CheckSymbolExists.cxx.o
/usr/bin/c++    -I/usr/local/Trolltech/Qt-4.8.6/include    -o CMakeFiles/cmTryCompileExec2948670947.dir/CheckSymbolExists.cxx.o -c /home/joana/git/faocas_qc/propertyeditor-2.1.3/build_debug/CMakeFiles/CMakeTmp/CheckSymbolExists.cxx
/home/joana/git/faocas_qc/propertyeditor-2.1.3/build_debug/CMakeFiles/CMakeTmp/CheckSymbolExists.cxx: In function ‘int main(int, char**)’:
/home/joana/git/faocas_qc/propertyeditor-2.1.3/build_debug/CMakeFiles/CMakeTmp/CheckSymbolExists.cxx:8:19: error: ‘Q_WS_QWS’ was not declared in this scope
make[1]: *** [CMakeFiles/cmTryCompileExec2948670947.dir/CheckSymbolExists.cxx.o] Error 1
make[1]: Leaving directory `/home/joana/git/faocas_qc/propertyeditor-2.1.3/build_debug/CMakeFiles/CMakeTmp'
make: *** [cmTryCompileExec2948670947/fast] Error 2

File /home/joana/git/faocas_qc/propertyeditor-2.1.3/build_debug/CMakeFiles/CMakeTmp/CheckSymbolExists.cxx:
/* */
#include <QtCore/qglobal.h>

int main(int argc, char** argv)
{
  (void)argv;
#ifndef Q_WS_QWS
  return ((int*)(&Q_WS_QWS))[argc];
#else
  (void)argc;
  return 0;
#endif
}

Determining if the Q_WS_MAC exist failed with the following output:
Change Dir: /home/joana/git/faocas_qc/propertyeditor-2.1.3/build_debug/CMakeFiles/CMakeTmp

Run Build Command:/usr/bin/make "cmTryCompileExec496125534/fast"
/usr/bin/make -f CMakeFiles/cmTryCompileExec496125534.dir/build.make CMakeFiles/cmTryCompileExec496125534.dir/build
make[1]: Entering directory `/home/joana/git/faocas_qc/propertyeditor-2.1.3/build_debug/CMakeFiles/CMakeTmp'
/usr/bin/cmake -E cmake_progress_report /home/joana/git/faocas_qc/propertyeditor-2.1.3/build_debug/CMakeFiles/CMakeTmp/CMakeFiles 1
Building CXX object CMakeFiles/cmTryCompileExec496125534.dir/CheckSymbolExists.cxx.o
/usr/bin/c++    -I/usr/local/Trolltech/Qt-4.8.6/include    -o CMakeFiles/cmTryCompileExec496125534.dir/CheckSymbolExists.cxx.o -c /home/joana/git/faocas_qc/propertyeditor-2.1.3/build_debug/CMakeFiles/CMakeTmp/CheckSymbolExists.cxx
/home/joana/git/faocas_qc/propertyeditor-2.1.3/build_debug/CMakeFiles/CMakeTmp/CheckSymbolExists.cxx: In function ‘int main(int, char**)’:
/home/joana/git/faocas_qc/propertyeditor-2.1.3/build_debug/CMakeFiles/CMakeTmp/CheckSymbolExists.cxx:8:19: error: ‘Q_WS_MAC’ was not declared in this scope
make[1]: *** [CMakeFiles/cmTryCompileExec496125534.dir/CheckSymbolExists.cxx.o] Error 1
make[1]: Leaving directory `/home/joana/git/faocas_qc/propertyeditor-2.1.3/build_debug/CMakeFiles/CMakeTmp'
make: *** [cmTryCompileExec496125534/fast] Error 2

File /home/joana/git/faocas_qc/propertyeditor-2.1.3/build_debug/CMakeFiles/CMakeTmp/CheckSymbolExists.cxx:
/* */
#include <QtCore/qglobal.h>

int main(int argc, char** argv)
{
  (void)argv;
#ifndef Q_WS_MAC
  return ((int*)(&Q_WS_MAC))[argc];
#else
  (void)argc;
  return 0;
#endif
}

Determining if the Q_WS_WIN exist failed with the following output:
Change Dir: /home/joana/git/faocas_qc/propertyeditor-2.1.3/build_debug/CMakeFiles/CMakeTmp

Run Build Command:/usr/bin/make "cmTryCompileExec64839625/fast"
/usr/bin/make -f CMakeFiles/cmTryCompileExec64839625.dir/build.make CMakeFiles/cmTryCompileExec64839625.dir/build
make[1]: Entering directory `/home/joana/git/faocas_qc/propertyeditor-2.1.3/build_debug/CMakeFiles/CMakeTmp'
/usr/bin/cmake -E cmake_progress_report /home/joana/git/faocas_qc/propertyeditor-2.1.3/build_debug/CMakeFiles/CMakeTmp/CMakeFiles 1
Building CXX object CMakeFiles/cmTryCompileExec64839625.dir/CheckSymbolExists.cxx.o
/usr/bin/c++    -I/usr/local/Trolltech/Qt-4.8.6/include    -o CMakeFiles/cmTryCompileExec64839625.dir/CheckSymbolExists.cxx.o -c /home/joana/git/faocas_qc/propertyeditor-2.1.3/build_debug/CMakeFiles/CMakeTmp/CheckSymbolExists.cxx
/home/joana/git/faocas_qc/propertyeditor-2.1.3/build_debug/CMakeFiles/CMakeTmp/CheckSymbolExists.cxx: In function ‘int main(int, char**)’:
/home/joana/git/faocas_qc/propertyeditor-2.1.3/build_debug/CMakeFiles/CMakeTmp/CheckSymbolExists.cxx:8:19: error: ‘Q_WS_WIN’ was not declared in this scope
make[1]: Leaving directory `/home/joana/git/faocas_qc/propertyeditor-2.1.3/build_debug/CMakeFiles/CMakeTmp'
make[1]: *** [CMakeFiles/cmTryCompileExec64839625.dir/CheckSymbolExists.cxx.o] Error 1
make: *** [cmTryCompileExec64839625/fast] Error 2

File /home/joana/git/faocas_qc/propertyeditor-2.1.3/build_debug/CMakeFiles/CMakeTmp/CheckSymbolExists.cxx:
/* */
#include <QtCore/qglobal.h>

int main(int argc, char** argv)
{
  (void)argv;
#ifndef Q_WS_WIN
  return ((int*)(&Q_WS_WIN))[argc];
#else
  (void)argc;
  return 0;
#endif
}

Determining if the Q_WS_QWS exist failed with the following output:
Change Dir: /home/joana/git/faocas_qc/propertyeditor-2.1.3/build_debug/CMakeFiles/CMakeTmp

Run Build Command:/usr/bin/make "cmTryCompileExec3223946291/fast"
/usr/bin/make -f CMakeFiles/cmTryCompileExec3223946291.dir/build.make CMakeFiles/cmTryCompileExec3223946291.dir/build
make[1]: Entering directory `/home/joana/git/faocas_qc/propertyeditor-2.1.3/build_debug/CMakeFiles/CMakeTmp'
/usr/bin/cmake -E cmake_progress_report /home/joana/git/faocas_qc/propertyeditor-2.1.3/build_debug/CMakeFiles/CMakeTmp/CMakeFiles 1
Building CXX object CMakeFiles/cmTryCompileExec3223946291.dir/CheckSymbolExists.cxx.o
/usr/bin/c++    -I/usr/local/Trolltech/Qt-4.8.6/include    -o CMakeFiles/cmTryCompileExec3223946291.dir/CheckSymbolExists.cxx.o -c /home/joana/git/faocas_qc/propertyeditor-2.1.3/build_debug/CMakeFiles/CMakeTmp/CheckSymbolExists.cxx
/home/joana/git/faocas_qc/propertyeditor-2.1.3/build_debug/CMakeFiles/CMakeTmp/CheckSymbolExists.cxx: In function ‘int main(int, char**)’:
/home/joana/git/faocas_qc/propertyeditor-2.1.3/build_debug/CMakeFiles/CMakeTmp/CheckSymbolExists.cxx:8:19: error: ‘Q_WS_QWS’ was not declared in this scope
make[1]: *** [CMakeFiles/cmTryCompileExec3223946291.dir/CheckSymbolExists.cxx.o] Error 1
make[1]: Leaving directory `/home/joana/git/faocas_qc/propertyeditor-2.1.3/build_debug/CMakeFiles/CMakeTmp'
make: *** [cmTryCompileExec3223946291/fast] Error 2

File /home/joana/git/faocas_qc/propertyeditor-2.1.3/build_debug/CMakeFiles/CMakeTmp/CheckSymbolExists.cxx:
/* */
#include <QtCore/qglobal.h>

int main(int argc, char** argv)
{
  (void)argv;
#ifndef Q_WS_QWS
  return ((int*)(&Q_WS_QWS))[argc];
#else
  (void)argc;
  return 0;
#endif
}

Determining if the Q_WS_MAC exist failed with the following output:
Change Dir: /home/joana/git/faocas_qc/propertyeditor-2.1.3/build_debug/CMakeFiles/CMakeTmp

Run Build Command:/usr/bin/make "cmTryCompileExec2261212393/fast"
/usr/bin/make -f CMakeFiles/cmTryCompileExec2261212393.dir/build.make CMakeFiles/cmTryCompileExec2261212393.dir/build
make[1]: Entering directory `/home/joana/git/faocas_qc/propertyeditor-2.1.3/build_debug/CMakeFiles/CMakeTmp'
/usr/bin/cmake -E cmake_progress_report /home/joana/git/faocas_qc/propertyeditor-2.1.3/build_debug/CMakeFiles/CMakeTmp/CMakeFiles 1
Building CXX object CMakeFiles/cmTryCompileExec2261212393.dir/CheckSymbolExists.cxx.o
/usr/bin/c++    -I/usr/local/Trolltech/Qt-4.8.6/include    -o CMakeFiles/cmTryCompileExec2261212393.dir/CheckSymbolExists.cxx.o -c /home/joana/git/faocas_qc/propertyeditor-2.1.3/build_debug/CMakeFiles/CMakeTmp/CheckSymbolExists.cxx
/home/joana/git/faocas_qc/propertyeditor-2.1.3/build_debug/CMakeFiles/CMakeTmp/CheckSymbolExists.cxx: In function ‘int main(int, char**)’:
/home/joana/git/faocas_qc/propertyeditor-2.1.3/build_debug/CMakeFiles/CMakeTmp/CheckSymbolExists.cxx:8:19: error: ‘Q_WS_MAC’ was not declared in this scope
make[1]: Leaving directory `/home/joana/git/faocas_qc/propertyeditor-2.1.3/build_debug/CMakeFiles/CMakeTmp'
make[1]: *** [CMakeFiles/cmTryCompileExec2261212393.dir/CheckSymbolExists.cxx.o] Error 1
make: *** [cmTryCompileExec2261212393/fast] Error 2

File /home/joana/git/faocas_qc/propertyeditor-2.1.3/build_debug/CMakeFiles/CMakeTmp/CheckSymbolExists.cxx:
/* */
#include <QtCore/qglobal.h>

int main(int argc, char** argv)
{
  (void)argv;
#ifndef Q_WS_MAC
  return ((int*)(&Q_WS_MAC))[argc];
#else
  (void)argc;
  return 0;
#endif
}

Determining if the Q_WS_WIN exist failed with the following output:
Change Dir: /home/joana/git/faocas_qc/propertyeditor-2.1.3/build_debug/CMakeFiles/CMakeTmp

Run Build Command:/usr/bin/make "cmTryCompileExec1050338379/fast"
/usr/bin/make -f CMakeFiles/cmTryCompileExec1050338379.dir/build.make CMakeFiles/cmTryCompileExec1050338379.dir/build
make[1]: Entering directory `/home/joana/git/faocas_qc/propertyeditor-2.1.3/build_debug/CMakeFiles/CMakeTmp'
/usr/bin/cmake -E cmake_progress_report /home/joana/git/faocas_qc/propertyeditor-2.1.3/build_debug/CMakeFiles/CMakeTmp/CMakeFiles 1
Building CXX object CMakeFiles/cmTryCompileExec1050338379.dir/CheckSymbolExists.cxx.o
/usr/bin/c++    -I/usr/local/Trolltech/Qt-4.8.6/include    -o CMakeFiles/cmTryCompileExec1050338379.dir/CheckSymbolExists.cxx.o -c /home/joana/git/faocas_qc/propertyeditor-2.1.3/build_debug/CMakeFiles/CMakeTmp/CheckSymbolExists.cxx
/home/joana/git/faocas_qc/propertyeditor-2.1.3/build_debug/CMakeFiles/CMakeTmp/CheckSymbolExists.cxx: In function ‘int main(int, char**)’:
/home/joana/git/faocas_qc/propertyeditor-2.1.3/build_debug/CMakeFiles/CMakeTmp/CheckSymbolExists.cxx:8:19: error: ‘Q_WS_WIN’ was not declared in this scope
make[1]: Leaving directory `/home/joana/git/faocas_qc/propertyeditor-2.1.3/build_debug/CMakeFiles/CMakeTmp'
make[1]: *** [CMakeFiles/cmTryCompileExec1050338379.dir/CheckSymbolExists.cxx.o] Error 1
make: *** [cmTryCompileExec1050338379/fast] Error 2

File /home/joana/git/faocas_qc/propertyeditor-2.1.3/build_debug/CMakeFiles/CMakeTmp/CheckSymbolExists.cxx:
/* */
#include <QtCore/qglobal.h>

int main(int argc, char** argv)
{
  (void)argv;
#ifndef Q_WS_WIN
  return ((int*)(&Q_WS_WIN))[argc];
#else
  (void)argc;
  return 0;
#endif
}

Determining if the Q_WS_QWS exist failed with the following output:
Change Dir: /home/joana/git/faocas_qc/propertyeditor-2.1.3/build_debug/CMakeFiles/CMakeTmp

Run Build Command:/usr/bin/make "cmTryCompileExec3669841595/fast"
/usr/bin/make -f CMakeFiles/cmTryCompileExec3669841595.dir/build.make CMakeFiles/cmTryCompileExec3669841595.dir/build
make[1]: Entering directory `/home/joana/git/faocas_qc/propertyeditor-2.1.3/build_debug/CMakeFiles/CMakeTmp'
/usr/bin/cmake -E cmake_progress_report /home/joana/git/faocas_qc/propertyeditor-2.1.3/build_debug/CMakeFiles/CMakeTmp/CMakeFiles 1
Building CXX object CMakeFiles/cmTryCompileExec3669841595.dir/CheckSymbolExists.cxx.o
/usr/bin/c++    -I/usr/local/Trolltech/Qt-4.8.6/include    -o CMakeFiles/cmTryCompileExec3669841595.dir/CheckSymbolExists.cxx.o -c /home/joana/git/faocas_qc/propertyeditor-2.1.3/build_debug/CMakeFiles/CMakeTmp/CheckSymbolExists.cxx
/home/joana/git/faocas_qc/propertyeditor-2.1.3/build_debug/CMakeFiles/CMakeTmp/CheckSymbolExists.cxx: In function ‘int main(int, char**)’:
/home/joana/git/faocas_qc/propertyeditor-2.1.3/build_debug/CMakeFiles/CMakeTmp/CheckSymbolExists.cxx:8:19: error: ‘Q_WS_QWS’ was not declared in this scope
make[1]: Leaving directory `/home/joana/git/faocas_qc/propertyeditor-2.1.3/build_debug/CMakeFiles/CMakeTmp'
make[1]: *** [CMakeFiles/cmTryCompileExec3669841595.dir/CheckSymbolExists.cxx.o] Error 1
make: *** [cmTryCompileExec3669841595/fast] Error 2

File /home/joana/git/faocas_qc/propertyeditor-2.1.3/build_debug/CMakeFiles/CMakeTmp/CheckSymbolExists.cxx:
/* */
#include <QtCore/qglobal.h>

int main(int argc, char** argv)
{
  (void)argv;
#ifndef Q_WS_QWS
  return ((int*)(&Q_WS_QWS))[argc];
#else
  (void)argc;
  return 0;
#endif
}

Determining if the Q_WS_MAC exist failed with the following output:
Change Dir: /home/joana/git/faocas_qc/propertyeditor-2.1.3/build_debug/CMakeFiles/CMakeTmp

Run Build Command:/usr/bin/make "cmTryCompileExec3734698713/fast"
/usr/bin/make -f CMakeFiles/cmTryCompileExec3734698713.dir/build.make CMakeFiles/cmTryCompileExec3734698713.dir/build
make[1]: Entering directory `/home/joana/git/faocas_qc/propertyeditor-2.1.3/build_debug/CMakeFiles/CMakeTmp'
/usr/bin/cmake -E cmake_progress_report /home/joana/git/faocas_qc/propertyeditor-2.1.3/build_debug/CMakeFiles/CMakeTmp/CMakeFiles 1
Building CXX object CMakeFiles/cmTryCompileExec3734698713.dir/CheckSymbolExists.cxx.o
/usr/bin/c++    -I/usr/local/Trolltech/Qt-4.8.6/include    -o CMakeFiles/cmTryCompileExec3734698713.dir/CheckSymbolExists.cxx.o -c /home/joana/git/faocas_qc/propertyeditor-2.1.3/build_debug/CMakeFiles/CMakeTmp/CheckSymbolExists.cxx
/home/joana/git/faocas_qc/propertyeditor-2.1.3/build_debug/CMakeFiles/CMakeTmp/CheckSymbolExists.cxx: In function ‘int main(int, char**)’:
/home/joana/git/faocas_qc/propertyeditor-2.1.3/build_debug/CMakeFiles/CMakeTmp/CheckSymbolExists.cxx:8:19: error: ‘Q_WS_MAC’ was not declared in this scope
make[1]: *** [CMakeFiles/cmTryCompileExec3734698713.dir/CheckSymbolExists.cxx.o] Error 1
make[1]: Leaving directory `/home/joana/git/faocas_qc/propertyeditor-2.1.3/build_debug/CMakeFiles/CMakeTmp'
make: *** [cmTryCompileExec3734698713/fast] Error 2

File /home/joana/git/faocas_qc/propertyeditor-2.1.3/build_debug/CMakeFiles/CMakeTmp/CheckSymbolExists.cxx:
/* */
#include <QtCore/qglobal.h>

int main(int argc, char** argv)
{
  (void)argv;
#ifndef Q_WS_MAC
  return ((int*)(&Q_WS_MAC))[argc];
#else
  (void)argc;
  return 0;
#endif
}

